flambo-example.w4u=> (-main 1)
Using Spark's default log4j profile: org/apache/spark/log4j-defaults.properties
17/08/14 11:29:57 INFO SparkContext: Running Spark version 2.2.0
17/08/14 11:29:57 WARN NativeCodeLoader: Unable to load native-hadoop library for your platform... using builtin-java classes where applicable
17/08/14 11:29:57 WARN Utils: Your hostname, marching-mbp resolves to a loopback address: 127.0.0.1; using 192.168.16.102 instead (on interface en0)
17/08/14 11:29:57 WARN Utils: Set SPARK_LOCAL_IP if you need to bind to another address
17/08/14 11:29:57 INFO SparkContext: Submitted application: Consumer
17/08/14 11:29:57 INFO SecurityManager: Changing view acls to: stevechan
17/08/14 11:29:57 INFO SecurityManager: Changing modify acls to: stevechan
17/08/14 11:29:57 INFO SecurityManager: Changing view acls groups to:
17/08/14 11:29:57 INFO SecurityManager: Changing modify acls groups to:
17/08/14 11:29:57 INFO SecurityManager: SecurityManager: authentication disabled; ui acls disabled; users  with view permissions: Set(stevechan); groups with view permissions: Set(); users  with modify permissions: Set(stevechan); groups with modify permissions: Set()
17/08/14 11:29:57 INFO Utils: Successfully started service 'sparkDriver' on port 54250.
17/08/14 11:29:57 INFO SparkEnv: Registering MapOutputTracker
17/08/14 11:29:57 INFO SparkEnv: Registering BlockManagerMaster
17/08/14 11:29:57 INFO BlockManagerMasterEndpoint: Using org.apache.spark.storage.DefaultTopologyMapper for getting topology information
17/08/14 11:29:57 INFO BlockManagerMasterEndpoint: BlockManagerMasterEndpoint up
17/08/14 11:29:57 INFO DiskBlockManager: Created local directory at /private/var/folders/9p/m3jr24_n6rx_pvzzd9zb1z7c0000gr/T/blockmgr-d15f9d03-bd33-45f2-bddd-ad7dabf01df3
17/08/14 11:29:57 INFO MemoryStore: MemoryStore started with capacity 2004.6 MB
17/08/14 11:29:57 INFO SparkEnv: Registering OutputCommitCoordinator
17/08/14 11:29:58 INFO Utils: Successfully started service 'SparkUI' on port 4040.
17/08/14 11:29:58 INFO SparkUI: Bound SparkUI to 0.0.0.0, and started at http://192.168.16.102:4040
17/08/14 11:29:58 INFO Executor: Starting executor ID driver on host localhost
17/08/14 11:29:58 INFO Utils: Successfully started service 'org.apache.spark.network.netty.NettyBlockTransferService' on port 54251.
17/08/14 11:29:58 INFO NettyBlockTransferService: Server created on 192.168.16.102:54251
17/08/14 11:29:58 INFO BlockManager: Using org.apache.spark.storage.RandomBlockReplicationPolicy for block replication policy
17/08/14 11:29:58 INFO BlockManagerMaster: Registering BlockManager BlockManagerId(driver, 192.168.16.102, 54251, None)
17/08/14 11:29:58 INFO BlockManagerMasterEndpoint: Registering block manager 192.168.16.102:54251 with 2004.6 MB RAM, BlockManagerId(driver, 192.168.16.102, 54251, None)
17/08/14 11:29:58 INFO BlockManagerMaster: Registered BlockManager BlockManagerId(driver, 192.168.16.102, 54251, None)
17/08/14 11:29:58 INFO BlockManager: Initialized BlockManager: BlockManagerId(driver, 192.168.16.102, 54251, None)
17/08/14 11:29:58 INFO VerifiableProperties: Verifying properties
17/08/14 11:29:58 INFO VerifiableProperties: Property group.id is overridden to
17/08/14 11:29:58 INFO VerifiableProperties: Property zookeeper.connect is overridden to
17/08/14 11:29:58 INFO DirectKafkaInputDStream: Slide time = 1000 ms
17/08/14 11:29:58 INFO DirectKafkaInputDStream: Storage level = Serialized 1x Replicated
17/08/14 11:29:58 INFO DirectKafkaInputDStream: Checkpoint interval = null
17/08/14 11:29:58 INFO DirectKafkaInputDStream: Remember interval = 1000 ms
17/08/14 11:29:58 INFO DirectKafkaInputDStream: Initialized and validated org.apache.spark.streaming.kafka.DirectKafkaInputDStream@20e87274
17/08/14 11:29:58 INFO ForEachDStream: Slide time = 1000 ms
17/08/14 11:29:58 INFO ForEachDStream: Storage level = Serialized 1x Replicated
17/08/14 11:29:58 INFO ForEachDStream: Checkpoint interval = null
17/08/14 11:29:58 INFO ForEachDStream: Remember interval = 1000 ms
17/08/14 11:29:58 INFO ForEachDStream: Initialized and validated org.apache.spark.streaming.dstream.ForEachDStream@7203afa8
17/08/14 11:29:59 INFO RecurringTimer: Started timer for JobGenerator at time 1502681399000
17/08/14 11:29:59 INFO JobGenerator: Started JobGenerator at 1502681399000 ms
17/08/14 11:29:59 INFO JobScheduler: Started JobScheduler
17/08/14 11:29:59 INFO StreamingContext: StreamingContext started
17/08/14 11:29:59 INFO VerifiableProperties: Verifying properties
17/08/14 11:29:59 INFO VerifiableProperties: Property group.id is overridden to
17/08/14 11:29:59 INFO VerifiableProperties: Property zookeeper.connect is overridden to
17/08/14 11:29:59 INFO JobScheduler: Added jobs for time 1502681399000 ms
17/08/14 11:29:59 INFO JobScheduler: Starting job streaming job 1502681399000 ms.0 from job set of time 1502681399000 ms
17/08/14 11:29:59 INFO w4u: =====org.apache.spark.api.java.JavaPairRDD@2745d5a8=====1502681399000 ms
17/08/14 11:29:59 INFO SparkContext: Starting job: foreach at NativeMethodAccessorImpl.java:0
17/08/14 11:29:59 INFO DAGScheduler: Got job 0 (foreach at NativeMethodAccessorImpl.java:0) with 1 output partitions
17/08/14 11:29:59 INFO DAGScheduler: Final stage: ResultStage 0 (foreach at NativeMethodAccessorImpl.java:0)
17/08/14 11:29:59 INFO DAGScheduler: Parents of final stage: List()
17/08/14 11:29:59 INFO DAGScheduler: Missing parents: List()
17/08/14 11:29:59 INFO DAGScheduler: Submitting ResultStage 0 (KafkaRDD[0] at createDirectStream at NativeMethodAccessorImpl.java:0), which has no missing parents
17/08/14 11:29:59 INFO MemoryStore: Block broadcast_0 stored as values in memory (estimated size 2.9 KB, free 2004.6 MB)
17/08/14 11:29:59 INFO MemoryStore: Block broadcast_0_piece0 stored as bytes in memory (estimated size 1776.0 B, free 2004.6 MB)
17/08/14 11:29:59 INFO BlockManagerInfo: Added broadcast_0_piece0 in memory on 192.168.16.102:54251 (size: 1776.0 B, free: 2004.6 MB)
17/08/14 11:29:59 INFO SparkContext: Created broadcast 0 from broadcast at DAGScheduler.scala:1006
17/08/14 11:29:59 INFO DAGScheduler: Submitting 1 missing tasks from ResultStage 0 (KafkaRDD[0] at createDirectStream at NativeMethodAccessorImpl.java:0) (first 15 tasks are for partitions Vector(0))
17/08/14 11:29:59 INFO TaskSchedulerImpl: Adding task set 0.0 with 1 tasks
17/08/14 11:29:59 INFO TaskSetManager: Starting task 0.0 in stage 0.0 (TID 0, localhost, executor driver, partition 0, NODE_LOCAL, 4742 bytes)
17/08/14 11:29:59 INFO Executor: Running task 0.0 in stage 0.0 (TID 0)
17/08/14 11:29:59 INFO KafkaRDD: Beginning offset 44 is the same as ending offset skipping w4u_messages 0
17/08/14 11:29:59 INFO Executor: Finished task 0.0 in stage 0.0 (TID 0). 666 bytes result sent to driver
17/08/14 11:29:59 INFO TaskSetManager: Finished task 0.0 in stage 0.0 (TID 0) in 71 ms on localhost (executor driver) (1/1)
17/08/14 11:29:59 INFO TaskSchedulerImpl: Removed TaskSet 0.0, whose tasks have all completed, from pool
17/08/14 11:29:59 INFO DAGScheduler: ResultStage 0 (foreach at NativeMethodAccessorImpl.java:0) finished in 0.086 s
17/08/14 11:29:59 INFO DAGScheduler: Job 0 finished: foreach at NativeMethodAccessorImpl.java:0, took 0.241777 s
17/08/14 11:29:59 INFO JobScheduler: Finished job streaming job 1502681399000 ms.0 from job set of time 1502681399000 ms
17/08/14 11:29:59 INFO JobScheduler: Total delay: 0.616 s for time 1502681399000 ms (execution: 0.499 s)
17/08/14 11:29:59 INFO ReceivedBlockTracker: Deleting batches:
17/08/14 11:29:59 INFO InputInfoTracker: remove old batch metadata:
17/08/14 11:30:00 INFO JobScheduler: Added jobs for time 1502681400000 ms
17/08/14 11:30:00 INFO JobScheduler: Starting job streaming job 1502681400000 ms.0 from job set of time 1502681400000 ms
17/08/14 11:30:00 INFO w4u: =====org.apache.spark.api.java.JavaPairRDD@75b89294=====1502681400000 ms
17/08/14 11:30:00 INFO SparkContext: Starting job: foreach at NativeMethodAccessorImpl.java:0
17/08/14 11:30:00 INFO DAGScheduler: Got job 1 (foreach at NativeMethodAccessorImpl.java:0) with 1 output partitions
17/08/14 11:30:00 INFO DAGScheduler: Final stage: ResultStage 1 (foreach at NativeMethodAccessorImpl.java:0)
17/08/14 11:30:00 INFO DAGScheduler: Parents of final stage: List()
17/08/14 11:30:00 INFO DAGScheduler: Missing parents: List()
17/08/14 11:30:00 INFO DAGScheduler: Submitting ResultStage 1 (KafkaRDD[1] at createDirectStream at NativeMethodAccessorImpl.java:0), which has no missing parents
17/08/14 11:30:00 INFO MemoryStore: Block broadcast_1 stored as values in memory (estimated size 2.9 KB, free 2004.6 MB)
17/08/14 11:30:00 INFO MemoryStore: Block broadcast_1_piece0 stored as bytes in memory (estimated size 1778.0 B, free 2004.6 MB)
17/08/14 11:30:00 INFO BlockManagerInfo: Added broadcast_1_piece0 in memory on 192.168.16.102:54251 (size: 1778.0 B, free: 2004.6 MB)
17/08/14 11:30:00 INFO SparkContext: Created broadcast 1 from broadcast at DAGScheduler.scala:1006
17/08/14 11:30:00 INFO DAGScheduler: Submitting 1 missing tasks from ResultStage 1 (KafkaRDD[1] at createDirectStream at NativeMethodAccessorImpl.java:0) (first 15 tasks are for partitions Vector(0))
17/08/14 11:30:00 INFO TaskSchedulerImpl: Adding task set 1.0 with 1 tasks
17/08/14 11:30:00 INFO TaskSetManager: Starting task 0.0 in stage 1.0 (TID 1, localhost, executor driver, partition 0, NODE_LOCAL, 4742 bytes)
17/08/14 11:30:00 INFO Executor: Running task 0.0 in stage 1.0 (TID 1)
17/08/14 11:30:00 INFO KafkaRDD: Beginning offset 44 is the same as ending offset skipping w4u_messages 0
17/08/14 11:30:00 INFO Executor: Finished task 0.0 in stage 1.0 (TID 1). 666 bytes result sent to driver
17/08/14 11:30:00 INFO TaskSetManager: Finished task 0.0 in stage 1.0 (TID 1) in 10 ms on localhost (executor driver) (1/1)
17/08/14 11:30:00 INFO TaskSchedulerImpl: Removed TaskSet 1.0, whose tasks have all completed, from pool
17/08/14 11:30:00 INFO DAGScheduler: ResultStage 1 (foreach at NativeMethodAccessorImpl.java:0) finished in 0.011 s
17/08/14 11:30:00 INFO DAGScheduler: Job 1 finished: foreach at NativeMethodAccessorImpl.java:0, took 0.020056 s
17/08/14 11:30:00 INFO JobScheduler: Finished job streaming job 1502681400000 ms.0 from job set of time 1502681400000 ms
17/08/14 11:30:00 INFO JobScheduler: Total delay: 0.052 s for time 1502681400000 ms (execution: 0.046 s)
17/08/14 11:30:00 INFO KafkaRDD: Removing RDD 0 from persistence list
17/08/14 11:30:00 INFO ReceivedBlockTracker: Deleting batches:
17/08/14 11:30:00 INFO InputInfoTracker: remove old batch metadata:
17/08/14 11:30:00 INFO BlockManager: Removing RDD 0
17/08/14 11:30:01 INFO JobScheduler: Added jobs for time 1502681401000 ms
17/08/14 11:30:01 INFO JobScheduler: Starting job streaming job 1502681401000 ms.0 from job set of time 1502681401000 ms
17/08/14 11:30:01 INFO w4u: =====org.apache.spark.api.java.JavaPairRDD@43fdea36=====1502681401000 ms
17/08/14 11:30:01 INFO SparkContext: Starting job: foreach at NativeMethodAccessorImpl.java:0
17/08/14 11:30:01 INFO DAGScheduler: Got job 2 (foreach at NativeMethodAccessorImpl.java:0) with 1 output partitions
17/08/14 11:30:01 INFO DAGScheduler: Final stage: ResultStage 2 (foreach at NativeMethodAccessorImpl.java:0)
17/08/14 11:30:01 INFO DAGScheduler: Parents of final stage: List()
17/08/14 11:30:01 INFO DAGScheduler: Missing parents: List()
17/08/14 11:30:01 INFO DAGScheduler: Submitting ResultStage 2 (KafkaRDD[2] at createDirectStream at NativeMethodAccessorImpl.java:0), which has no missing parents
17/08/14 11:30:01 INFO MemoryStore: Block broadcast_2 stored as values in memory (estimated size 2.9 KB, free 2004.6 MB)
17/08/14 11:30:01 INFO MemoryStore: Block broadcast_2_piece0 stored as bytes in memory (estimated size 1778.0 B, free 2004.6 MB)
17/08/14 11:30:01 INFO BlockManagerInfo: Added broadcast_2_piece0 in memory on 192.168.16.102:54251 (size: 1778.0 B, free: 2004.6 MB)
17/08/14 11:30:01 INFO SparkContext: Created broadcast 2 from broadcast at DAGScheduler.scala:1006
17/08/14 11:30:01 INFO DAGScheduler: Submitting 1 missing tasks from ResultStage 2 (KafkaRDD[2] at createDirectStream at NativeMethodAccessorImpl.java:0) (first 15 tasks are for partitions Vector(0))
17/08/14 11:30:01 INFO TaskSchedulerImpl: Adding task set 2.0 with 1 tasks
17/08/14 11:30:01 INFO TaskSetManager: Starting task 0.0 in stage 2.0 (TID 2, localhost, executor driver, partition 0, NODE_LOCAL, 4742 bytes)
17/08/14 11:30:01 INFO Executor: Running task 0.0 in stage 2.0 (TID 2)
17/08/14 11:30:01 INFO KafkaRDD: Computing topic w4u_messages, partition 0 offsets 44 -> 45
17/08/14 11:30:01 INFO VerifiableProperties: Verifying properties
17/08/14 11:30:01 INFO VerifiableProperties: Property group.id is overridden to
17/08/14 11:30:01 INFO VerifiableProperties: Property zookeeper.connect is overridden to
17/08/14 11:30:01 INFO w4u: *********(null,111111111111111)*****
17/08/14 11:30:01 INFO Executor: Finished task 0.0 in stage 2.0 (TID 2). 666 bytes result sent to driver
17/08/14 11:30:01 INFO TaskSetManager: Finished task 0.0 in stage 2.0 (TID 2) in 78 ms on localhost (executor driver) (1/1)
17/08/14 11:30:01 INFO TaskSchedulerImpl: Removed TaskSet 2.0, whose tasks have all completed, from pool
17/08/14 11:30:01 INFO DAGScheduler: ResultStage 2 (foreach at NativeMethodAccessorImpl.java:0) finished in 0.079 s
17/08/14 11:30:01 INFO DAGScheduler: Job 2 finished: foreach at NativeMethodAccessorImpl.java:0, took 0.090585 s
17/08/14 11:30:01 INFO JobScheduler: Finished job streaming job 1502681401000 ms.0 from job set of time 1502681401000 ms
17/08/14 11:30:01 INFO JobScheduler: Total delay: 0.119 s for time 1502681401000 ms (execution: 0.112 s)
17/08/14 11:30:01 INFO KafkaRDD: Removing RDD 1 from persistence list
17/08/14 11:30:01 INFO BlockManager: Removing RDD 1
17/08/14 11:30:01 INFO ReceivedBlockTracker: Deleting batches:
17/08/14 11:30:01 INFO InputInfoTracker: remove old batch metadata: 1502681399000 ms
17/08/14 11:30:02 INFO JobScheduler: Added jobs for time 1502681402000 ms
17/08/14 11:30:02 INFO JobScheduler: Starting job streaming job 1502681402000 ms.0 from job set of time 1502681402000 ms
17/08/14 11:30:02 INFO w4u: =====org.apache.spark.api.java.JavaPairRDD@496caf31=====1502681402000 ms
17/08/14 11:30:02 INFO SparkContext: Starting job: foreach at NativeMethodAccessorImpl.java:0
17/08/14 11:30:02 INFO DAGScheduler: Got job 3 (foreach at NativeMethodAccessorImpl.java:0) with 1 output partitions
17/08/14 11:30:02 INFO DAGScheduler: Final stage: ResultStage 3 (foreach at NativeMethodAccessorImpl.java:0)
17/08/14 11:30:02 INFO DAGScheduler: Parents of final stage: List()
17/08/14 11:30:02 INFO DAGScheduler: Missing parents: List()
17/08/14 11:30:02 INFO DAGScheduler: Submitting ResultStage 3 (KafkaRDD[3] at createDirectStream at NativeMethodAccessorImpl.java:0), which has no missing parents
17/08/14 11:30:02 INFO MemoryStore: Block broadcast_3 stored as values in memory (estimated size 2.9 KB, free 2004.6 MB)
17/08/14 11:30:02 INFO MemoryStore: Block broadcast_3_piece0 stored as bytes in memory (estimated size 1778.0 B, free 2004.6 MB)
17/08/14 11:30:02 INFO BlockManagerInfo: Added broadcast_3_piece0 in memory on 192.168.16.102:54251 (size: 1778.0 B, free: 2004.6 MB)
17/08/14 11:30:02 INFO SparkContext: Created broadcast 3 from broadcast at DAGScheduler.scala:1006
17/08/14 11:30:02 INFO DAGScheduler: Submitting 1 missing tasks from ResultStage 3 (KafkaRDD[3] at createDirectStream at NativeMethodAccessorImpl.java:0) (first 15 tasks are for partitions Vector(0))
17/08/14 11:30:02 INFO TaskSchedulerImpl: Adding task set 3.0 with 1 tasks
17/08/14 11:30:02 INFO TaskSetManager: Starting task 0.0 in stage 3.0 (TID 3, localhost, executor driver, partition 0, NODE_LOCAL, 4742 bytes)
17/08/14 11:30:02 INFO Executor: Running task 0.0 in stage 3.0 (TID 3)
17/08/14 11:30:02 INFO KafkaRDD: Beginning offset 45 is the same as ending offset skipping w4u_messages 0
17/08/14 11:30:02 INFO Executor: Finished task 0.0 in stage 3.0 (TID 3). 666 bytes result sent to driver
17/08/14 11:30:02 INFO TaskSetManager: Finished task 0.0 in stage 3.0 (TID 3) in 8 ms on localhost (executor driver) (1/1)
17/08/14 11:30:02 INFO TaskSchedulerImpl: Removed TaskSet 3.0, whose tasks have all completed, from pool
17/08/14 11:30:02 INFO DAGScheduler: ResultStage 3 (foreach at NativeMethodAccessorImpl.java:0) finished in 0.008 s
17/08/14 11:30:02 INFO DAGScheduler: Job 3 finished: foreach at NativeMethodAccessorImpl.java:0, took 0.019753 s
17/08/14 11:30:02 INFO JobScheduler: Finished job streaming job 1502681402000 ms.0 from job set of time 1502681402000 ms
17/08/14 11:30:02 INFO JobScheduler: Total delay: 0.049 s for time 1502681402000 ms (execution: 0.040 s)
17/08/14 11:30:02 INFO KafkaRDD: Removing RDD 2 from persistence list
17/08/14 11:30:02 INFO BlockManager: Removing RDD 2
17/08/14 11:30:02 INFO ReceivedBlockTracker: Deleting batches:
17/08/14 11:30:02 INFO InputInfoTracker: remove old batch metadata: 1502681400000 ms
17/08/14 11:30:03 INFO JobScheduler: Added jobs for time 1502681403000 ms
17/08/14 11:30:03 INFO JobScheduler: Starting job streaming job 1502681403000 ms.0 from job set of time 1502681403000 ms
17/08/14 11:30:03 INFO w4u: =====org.apache.spark.api.java.JavaPairRDD@232e852d=====1502681403000 ms
17/08/14 11:30:03 INFO SparkContext: Starting job: foreach at NativeMethodAccessorImpl.java:0
17/08/14 11:30:03 INFO DAGScheduler: Got job 4 (foreach at NativeMethodAccessorImpl.java:0) with 1 output partitions
17/08/14 11:30:03 INFO DAGScheduler: Final stage: ResultStage 4 (foreach at NativeMethodAccessorImpl.java:0)
17/08/14 11:30:03 INFO DAGScheduler: Parents of final stage: List()
17/08/14 11:30:03 INFO DAGScheduler: Missing parents: List()
17/08/14 11:30:03 INFO DAGScheduler: Submitting ResultStage 4 (KafkaRDD[4] at createDirectStream at NativeMethodAccessorImpl.java:0), which has no missing parents
17/08/14 11:30:03 INFO MemoryStore: Block broadcast_4 stored as values in memory (estimated size 2.9 KB, free 2004.6 MB)
17/08/14 11:30:03 INFO MemoryStore: Block broadcast_4_piece0 stored as bytes in memory (estimated size 1778.0 B, free 2004.6 MB)
17/08/14 11:30:03 INFO BlockManagerInfo: Added broadcast_4_piece0 in memory on 192.168.16.102:54251 (size: 1778.0 B, free: 2004.6 MB)
17/08/14 11:30:03 INFO SparkContext: Created broadcast 4 from broadcast at DAGScheduler.scala:1006
17/08/14 11:30:03 INFO DAGScheduler: Submitting 1 missing tasks from ResultStage 4 (KafkaRDD[4] at createDirectStream at NativeMethodAccessorImpl.java:0) (first 15 tasks are for partitions Vector(0))
17/08/14 11:30:03 INFO TaskSchedulerImpl: Adding task set 4.0 with 1 tasks
17/08/14 11:30:03 INFO TaskSetManager: Starting task 0.0 in stage 4.0 (TID 4, localhost, executor driver, partition 0, NODE_LOCAL, 4742 bytes)
17/08/14 11:30:03 INFO Executor: Running task 0.0 in stage 4.0 (TID 4)
17/08/14 11:30:03 INFO KafkaRDD: Beginning offset 45 is the same as ending offset skipping w4u_messages 0
17/08/14 11:30:03 INFO Executor: Finished task 0.0 in stage 4.0 (TID 4). 666 bytes result sent to driver
17/08/14 11:30:03 INFO TaskSetManager: Finished task 0.0 in stage 4.0 (TID 4) in 5 ms on localhost (executor driver) (1/1)
17/08/14 11:30:03 INFO TaskSchedulerImpl: Removed TaskSet 4.0, whose tasks have all completed, from pool
17/08/14 11:30:03 INFO DAGScheduler: ResultStage 4 (foreach at NativeMethodAccessorImpl.java:0) finished in 0.006 s
17/08/14 11:30:03 INFO DAGScheduler: Job 4 finished: foreach at NativeMethodAccessorImpl.java:0, took 0.016888 s
17/08/14 11:30:03 INFO JobScheduler: Finished job streaming job 1502681403000 ms.0 from job set of time 1502681403000 ms
17/08/14 11:30:03 INFO JobScheduler: Total delay: 0.042 s for time 1502681403000 ms (execution: 0.036 s)
17/08/14 11:30:03 INFO KafkaRDD: Removing RDD 3 from persistence list
17/08/14 11:30:03 INFO BlockManager: Removing RDD 3
17/08/14 11:30:03 INFO ReceivedBlockTracker: Deleting batches:
17/08/14 11:30:03 INFO InputInfoTracker: remove old batch metadata: 1502681401000 ms
17/08/14 11:30:04 INFO JobScheduler: Added jobs for time 1502681404000 ms
17/08/14 11:30:04 INFO JobScheduler: Starting job streaming job 1502681404000 ms.0 from job set of time 1502681404000 ms
17/08/14 11:30:04 INFO w4u: =====org.apache.spark.api.java.JavaPairRDD@7173a28b=====1502681404000 ms
17/08/14 11:30:04 INFO SparkContext: Starting job: foreach at NativeMethodAccessorImpl.java:0
17/08/14 11:30:04 INFO DAGScheduler: Got job 5 (foreach at NativeMethodAccessorImpl.java:0) with 1 output partitions
17/08/14 11:30:04 INFO DAGScheduler: Final stage: ResultStage 5 (foreach at NativeMethodAccessorImpl.java:0)
17/08/14 11:30:04 INFO DAGScheduler: Parents of final stage: List()
17/08/14 11:30:04 INFO DAGScheduler: Missing parents: List()
17/08/14 11:30:04 INFO DAGScheduler: Submitting ResultStage 5 (KafkaRDD[5] at createDirectStream at NativeMethodAccessorImpl.java:0), which has no missing parents
17/08/14 11:30:04 INFO MemoryStore: Block broadcast_5 stored as values in memory (estimated size 2.9 KB, free 2004.6 MB)
17/08/14 11:30:04 INFO MemoryStore: Block broadcast_5_piece0 stored as bytes in memory (estimated size 1778.0 B, free 2004.6 MB)
17/08/14 11:30:04 INFO BlockManagerInfo: Added broadcast_5_piece0 in memory on 192.168.16.102:54251 (size: 1778.0 B, free: 2004.6 MB)
17/08/14 11:30:04 INFO SparkContext: Created broadcast 5 from broadcast at DAGScheduler.scala:1006
17/08/14 11:30:04 INFO DAGScheduler: Submitting 1 missing tasks from ResultStage 5 (KafkaRDD[5] at createDirectStream at NativeMethodAccessorImpl.java:0) (first 15 tasks are for partitions Vector(0))
17/08/14 11:30:04 INFO TaskSchedulerImpl: Adding task set 5.0 with 1 tasks
17/08/14 11:30:04 INFO TaskSetManager: Starting task 0.0 in stage 5.0 (TID 5, localhost, executor driver, partition 0, NODE_LOCAL, 4742 bytes)
17/08/14 11:30:04 INFO Executor: Running task 0.0 in stage 5.0 (TID 5)
17/08/14 11:30:04 INFO KafkaRDD: Computing topic w4u_messages, partition 0 offsets 45 -> 46
17/08/14 11:30:04 INFO VerifiableProperties: Verifying properties
17/08/14 11:30:04 INFO VerifiableProperties: Property group.id is overridden to
17/08/14 11:30:04 INFO VerifiableProperties: Property zookeeper.connect is overridden to
17/08/14 11:30:04 INFO w4u: *********(null,乔布斯)*****
17/08/14 11:30:04 INFO Executor: Finished task 0.0 in stage 5.0 (TID 5). 666 bytes result sent to driver
17/08/14 11:30:04 INFO TaskSetManager: Finished task 0.0 in stage 5.0 (TID 5) in 26 ms on localhost (executor driver) (1/1)
17/08/14 11:30:04 INFO TaskSchedulerImpl: Removed TaskSet 5.0, whose tasks have all completed, from pool
17/08/14 11:30:04 INFO DAGScheduler: ResultStage 5 (foreach at NativeMethodAccessorImpl.java:0) finished in 0.026 s
17/08/14 11:30:04 INFO DAGScheduler: Job 5 finished: foreach at NativeMethodAccessorImpl.java:0, took 0.036855 s
17/08/14 11:30:04 INFO JobScheduler: Finished job streaming job 1502681404000 ms.0 from job set of time 1502681404000 ms
17/08/14 11:30:04 INFO JobScheduler: Total delay: 0.061 s for time 1502681404000 ms (execution: 0.057 s)
17/08/14 11:30:04 INFO KafkaRDD: Removing RDD 4 from persistence list
17/08/14 11:30:04 INFO BlockManager: Removing RDD 4
17/08/14 11:30:04 INFO ReceivedBlockTracker: Deleting batches:
17/08/14 11:30:04 INFO InputInfoTracker: remove old batch metadata: 1502681402000 ms
17/08/14 11:30:05 INFO JobScheduler: Added jobs for time 1502681405000 ms
17/08/14 11:30:05 INFO JobScheduler: Starting job streaming job 1502681405000 ms.0 from job set of time 1502681405000 ms
17/08/14 11:30:05 INFO w4u: =====org.apache.spark.api.java.JavaPairRDD@541642f7=====1502681405000 ms
17/08/14 11:30:05 INFO SparkContext: Starting job: foreach at NativeMethodAccessorImpl.java:0
17/08/14 11:30:05 INFO DAGScheduler: Got job 6 (foreach at NativeMethodAccessorImpl.java:0) with 1 output partitions
17/08/14 11:30:05 INFO DAGScheduler: Final stage: ResultStage 6 (foreach at NativeMethodAccessorImpl.java:0)
17/08/14 11:30:05 INFO DAGScheduler: Parents of final stage: List()
17/08/14 11:30:05 INFO DAGScheduler: Missing parents: List()
17/08/14 11:30:05 INFO DAGScheduler: Submitting ResultStage 6 (KafkaRDD[6] at createDirectStream at NativeMethodAccessorImpl.java:0), which has no missing parents
17/08/14 11:30:05 INFO MemoryStore: Block broadcast_6 stored as values in memory (estimated size 2.9 KB, free 2004.6 MB)
17/08/14 11:30:05 INFO MemoryStore: Block broadcast_6_piece0 stored as bytes in memory (estimated size 1778.0 B, free 2004.6 MB)
17/08/14 11:30:05 INFO BlockManagerInfo: Added broadcast_6_piece0 in memory on 192.168.16.102:54251 (size: 1778.0 B, free: 2004.6 MB)
17/08/14 11:30:05 INFO SparkContext: Created broadcast 6 from broadcast at DAGScheduler.scala:1006
17/08/14 11:30:05 INFO DAGScheduler: Submitting 1 missing tasks from ResultStage 6 (KafkaRDD[6] at createDirectStream at NativeMethodAccessorImpl.java:0) (first 15 tasks are for partitions Vector(0))
17/08/14 11:30:05 INFO TaskSchedulerImpl: Adding task set 6.0 with 1 tasks
17/08/14 11:30:05 INFO TaskSetManager: Starting task 0.0 in stage 6.0 (TID 6, localhost, executor driver, partition 0, NODE_LOCAL, 4742 bytes)
17/08/14 11:30:05 INFO Executor: Running task 0.0 in stage 6.0 (TID 6)
17/08/14 11:30:05 INFO KafkaRDD: Beginning offset 46 is the same as ending offset skipping w4u_messages 0
17/08/14 11:30:05 INFO Executor: Finished task 0.0 in stage 6.0 (TID 6). 623 bytes result sent to driver
17/08/14 11:30:05 INFO TaskSetManager: Finished task 0.0 in stage 6.0 (TID 6) in 5 ms on localhost (executor driver) (1/1)
17/08/14 11:30:05 INFO TaskSchedulerImpl: Removed TaskSet 6.0, whose tasks have all completed, from pool
17/08/14 11:30:05 INFO DAGScheduler: ResultStage 6 (foreach at NativeMethodAccessorImpl.java:0) finished in 0.006 s
17/08/14 11:30:05 INFO DAGScheduler: Job 6 finished: foreach at NativeMethodAccessorImpl.java:0, took 0.014664 s
17/08/14 11:30:05 INFO JobScheduler: Finished job streaming job 1502681405000 ms.0 from job set of time 1502681405000 ms
17/08/14 11:30:05 INFO JobScheduler: Total delay: 0.040 s for time 1502681405000 ms (execution: 0.033 s)
17/08/14 11:30:05 INFO KafkaRDD: Removing RDD 5 from persistence list
17/08/14 11:30:05 INFO BlockManager: Removing RDD 5
17/08/14 11:30:05 INFO ReceivedBlockTracker: Deleting batches:
17/08/14 11:30:05 INFO InputInfoTracker: remove old batch metadata: 1502681403000 ms
17/08/14 11:30:06 INFO JobScheduler: Added jobs for time 1502681406000 ms
17/08/14 11:30:06 INFO JobScheduler: Starting job streaming job 1502681406000 ms.0 from job set of time 1502681406000 ms
17/08/14 11:30:06 INFO w4u: =====org.apache.spark.api.java.JavaPairRDD@1726eedc=====1502681406000 ms
17/08/14 11:30:06 INFO SparkContext: Starting job: foreach at NativeMethodAccessorImpl.java:0
17/08/14 11:30:06 INFO DAGScheduler: Got job 7 (foreach at NativeMethodAccessorImpl.java:0) with 1 output partitions
17/08/14 11:30:06 INFO DAGScheduler: Final stage: ResultStage 7 (foreach at NativeMethodAccessorImpl.java:0)
17/08/14 11:30:06 INFO DAGScheduler: Parents of final stage: List()
17/08/14 11:30:06 INFO DAGScheduler: Missing parents: List()
17/08/14 11:30:06 INFO DAGScheduler: Submitting ResultStage 7 (KafkaRDD[7] at createDirectStream at NativeMethodAccessorImpl.java:0), which has no missing parents
17/08/14 11:30:06 INFO MemoryStore: Block broadcast_7 stored as values in memory (estimated size 2.9 KB, free 2004.6 MB)
17/08/14 11:30:06 INFO MemoryStore: Block broadcast_7_piece0 stored as bytes in memory (estimated size 1778.0 B, free 2004.6 MB)
17/08/14 11:30:06 INFO BlockManagerInfo: Added broadcast_7_piece0 in memory on 192.168.16.102:54251 (size: 1778.0 B, free: 2004.6 MB)
17/08/14 11:30:06 INFO SparkContext: Created broadcast 7 from broadcast at DAGScheduler.scala:1006
17/08/14 11:30:06 INFO DAGScheduler: Submitting 1 missing tasks from ResultStage 7 (KafkaRDD[7] at createDirectStream at NativeMethodAccessorImpl.java:0) (first 15 tasks are for partitions Vector(0))
17/08/14 11:30:06 INFO TaskSchedulerImpl: Adding task set 7.0 with 1 tasks
17/08/14 11:30:06 INFO TaskSetManager: Starting task 0.0 in stage 7.0 (TID 7, localhost, executor driver, partition 0, NODE_LOCAL, 4742 bytes)
17/08/14 11:30:06 INFO Executor: Running task 0.0 in stage 7.0 (TID 7)
17/08/14 11:30:06 INFO KafkaRDD: Beginning offset 46 is the same as ending offset skipping w4u_messages 0
17/08/14 11:30:06 INFO Executor: Finished task 0.0 in stage 7.0 (TID 7). 666 bytes result sent to driver
17/08/14 11:30:06 INFO TaskSetManager: Finished task 0.0 in stage 7.0 (TID 7) in 5 ms on localhost (executor driver) (1/1)
17/08/14 11:30:06 INFO TaskSchedulerImpl: Removed TaskSet 7.0, whose tasks have all completed, from pool
17/08/14 11:30:06 INFO DAGScheduler: ResultStage 7 (foreach at NativeMethodAccessorImpl.java:0) finished in 0.005 s
17/08/14 11:30:06 INFO DAGScheduler: Job 7 finished: foreach at NativeMethodAccessorImpl.java:0, took 0.015002 s
17/08/14 11:30:06 INFO JobScheduler: Finished job streaming job 1502681406000 ms.0 from job set of time 1502681406000 ms
17/08/14 11:30:06 INFO JobScheduler: Total delay: 0.038 s for time 1502681406000 ms (execution: 0.034 s)
17/08/14 11:30:06 INFO KafkaRDD: Removing RDD 6 from persistence list
17/08/14 11:30:06 INFO BlockManager: Removing RDD 6
17/08/14 11:30:06 INFO ReceivedBlockTracker: Deleting batches:
17/08/14 11:30:06 INFO InputInfoTracker: remove old batch metadata: 1502681404000 ms

IllegalMonitorStateException   java.util.concurrent.locks.ReentrantLock$Sync.tryRelease (ReentrantLock.java:151)
flambo-example.w4u=> 17/08/14 11:30:07 INFO JobScheduler: Added jobs for time 1502681407000 ms
17/08/14 11:30:07 INFO JobScheduler: Starting job streaming job 1502681407000 ms.0 from job set of time 1502681407000 ms
17/08/14 11:30:07 INFO w4u: =====org.apache.spark.api.java.JavaPairRDD@16195ac3=====1502681407000 ms
17/08/14 11:30:07 INFO SparkContext: Starting job: foreach at NativeMethodAccessorImpl.java:0
17/08/14 11:30:07 INFO DAGScheduler: Got job 8 (foreach at NativeMethodAccessorImpl.java:0) with 1 output partitions
17/08/14 11:30:07 INFO DAGScheduler: Final stage: ResultStage 8 (foreach at NativeMethodAccessorImpl.java:0)
17/08/14 11:30:07 INFO DAGScheduler: Parents of final stage: List()
17/08/14 11:30:07 INFO DAGScheduler: Missing parents: List()
17/08/14 11:30:07 INFO DAGScheduler: Submitting ResultStage 8 (KafkaRDD[8] at createDirectStream at NativeMethodAccessorImpl.java:0), which has no missing parents
17/08/14 11:30:07 INFO MemoryStore: Block broadcast_8 stored as values in memory (estimated size 2.9 KB, free 2004.6 MB)
17/08/14 11:30:07 INFO MemoryStore: Block broadcast_8_piece0 stored as bytes in memory (estimated size 1778.0 B, free 2004.6 MB)
17/08/14 11:30:07 INFO BlockManagerInfo: Added broadcast_8_piece0 in memory on 192.168.16.102:54251 (size: 1778.0 B, free: 2004.6 MB)
17/08/14 11:30:07 INFO SparkContext: Created broadcast 8 from broadcast at DAGScheduler.scala:1006
17/08/14 11:30:07 INFO DAGScheduler: Submitting 1 missing tasks from ResultStage 8 (KafkaRDD[8] at createDirectStream at NativeMethodAccessorImpl.java:0) (first 15 tasks are for partitions Vector(0))
17/08/14 11:30:07 INFO TaskSchedulerImpl: Adding task set 8.0 with 1 tasks
17/08/14 11:30:07 INFO TaskSetManager: Starting task 0.0 in stage 8.0 (TID 8, localhost, executor driver, partition 0, NODE_LOCAL, 4742 bytes)
17/08/14 11:30:07 INFO Executor: Running task 0.0 in stage 8.0 (TID 8)
17/08/14 11:30:07 INFO KafkaRDD: Beginning offset 46 is the same as ending offset skipping w4u_messages 0
17/08/14 11:30:07 INFO Executor: Finished task 0.0 in stage 8.0 (TID 8). 623 bytes result sent to driver
17/08/14 11:30:07 INFO TaskSetManager: Finished task 0.0 in stage 8.0 (TID 8) in 4 ms on localhost (executor driver) (1/1)
17/08/14 11:30:07 INFO TaskSchedulerImpl: Removed TaskSet 8.0, whose tasks have all completed, from pool
17/08/14 11:30:07 INFO DAGScheduler: ResultStage 8 (foreach at NativeMethodAccessorImpl.java:0) finished in 0.004 s
17/08/14 11:30:07 INFO DAGScheduler: Job 8 finished: foreach at NativeMethodAccessorImpl.java:0, took 0.012226 s
17/08/14 11:30:07 INFO JobScheduler: Finished job streaming job 1502681407000 ms.0 from job set of time 1502681407000 ms
17/08/14 11:30:07 INFO KafkaRDD: Removing RDD 7 from persistence list
17/08/14 11:30:07 INFO JobScheduler: Total delay: 0.042 s for time 1502681407000 ms (execution: 0.033 s)
17/08/14 11:30:07 INFO BlockManager: Removing RDD 7
17/08/14 11:30:07 INFO ReceivedBlockTracker: Deleting batches:
17/08/14 11:30:07 INFO InputInfoTracker: remove old batch metadata: 1502681405000 ms
Bye for now!
➜  flambo-w4u git:(w4u-clj) ✗
